Start testing: Sep 12 16:19 BST
----------------------------------------------------------
1/9 Testing: version_example
1/9 Test: version_example
Command: "/Users/oliver/ClionProjects/pyarv/cmake-build-default/src/arv/version/tests/version_example"
Directory: /Users/oliver/ClionProjects/pyarv/cmake-build-default/src/arv/version/tests
"version_example" start time: Sep 12 16:19 BST
Output:
----------------------------------------------------------
Matched the pattern "^v[[:digit:]]\{1,\}[.][[:digit:]]\{1,\}[.][[:digit:]]\{1,\}.*" to v0.0.2-1-g408eb3b-dirtyDid not match the pattern "^v[[:digit:]]\{1,\}[.][[:digit:]]\{1,\}[.][[:digit:]]\{1,\}.*" to the bad pattern 0.1.0Did not match the pattern "^v[[:digit:]]\{1,\}[.][[:digit:]]\{1,\}[.][[:digit:]]\{1,\}.*" to the bad pattern v0.1Did not match the pattern "^v[[:digit:]]\{1,\}[.][[:digit:]]\{1,\}[.][[:digit:]]\{1,\}.*" to the bad pattern v0..1Did not match the pattern "^v[[:digit:]]\{1,\}[.][[:digit:]]\{1,\}[.][[:digit:]]\{1,\}.*" to the bad pattern v0.a.2Matched the pattern "^v[[:digit:]]\{1,\}[.][[:digit:]]\{1,\}[.][[:digit:]]\{1,\}.*" to v0.1.0Matched the pattern "^v[[:digit:]]\{1,\}[.][[:digit:]]\{1,\}[.][[:digit:]]\{1,\}.*" to v0.1.0-dirtyMatched the pattern "^v[[:digit:]]\{1,\}[.][[:digit:]]\{1,\}[.][[:digit:]]\{1,\}.*" to v0.12.3Version: v0.0.2-1-g408eb3b-dirty
[====] Synthesis: Tested: 5 | Passing: 5 | Failing: 0 | Crashing: 0 
<end of output>
Test time =   0.93 sec
----------------------------------------------------------
Test Passed.
"version_example" end time: Sep 12 16:19 BST
"version_example" time elapsed: 00:00:00
----------------------------------------------------------

2/9 Testing: testing_example
2/9 Test: testing_example
Command: "/Users/oliver/ClionProjects/pyarv/cmake-build-default/src/arv/testing/tests/criterion_example"
Directory: /Users/oliver/ClionProjects/pyarv/cmake-build-default/src/arv/testing/tests
"testing_example" start time: Sep 12 16:19 BST
Output:
----------------------------------------------------------
[====] Synthesis: Tested: 3 | Passing: 3 | Failing: 0 | Crashing: 0 
<end of output>
Test time =   1.64 sec
----------------------------------------------------------
Test Passed.
"testing_example" end time: Sep 12 16:19 BST
"testing_example" time elapsed: 00:00:01
----------------------------------------------------------

3/9 Testing: logging_example
3/9 Test: logging_example
Command: "/Users/oliver/ClionProjects/pyarv/cmake-build-default/src/arv/logging/tests/logging_test"
Directory: /Users/oliver/ClionProjects/pyarv/cmake-build-default/src/arv/logging/tests
"logging_example" start time: Sep 12 16:19 BST
Output:
----------------------------------------------------------
some errorsome infosome messagesome print
some print error
some debugsome warningsome info, some string 10
[====] Synthesis: Tested: 3 | Passing: 3 | Failing: 0 | Crashing: 0 
<end of output>
Test time =   2.14 sec
----------------------------------------------------------
Test Passed.
"logging_example" end time: Sep 12 16:19 BST
"logging_example" time elapsed: 00:00:02
----------------------------------------------------------

4/9 Testing: error_codes_example
4/9 Test: error_codes_example
Command: "/Users/oliver/ClionProjects/pyarv/cmake-build-default/src/arv/error_codes/tests/_error_codes"
Directory: /Users/oliver/ClionProjects/pyarv/cmake-build-default/src/arv/error_codes/tests
"error_codes_example" start time: Sep 12 16:19 BST
Output:
----------------------------------------------------------
[====] Synthesis: Tested: 5 | Passing: 5 | Failing: 0 | Crashing: 0 
<end of output>
Test time =   2.64 sec
----------------------------------------------------------
Test Passed.
"error_codes_example" end time: Sep 12 16:19 BST
"error_codes_example" time elapsed: 00:00:02
----------------------------------------------------------

7/9 Testing: version_bindings
7/9 Test: version_bindings
Command: "/Users/oliver/ClionProjects/pyarv/venv/bin/python" "/Users/oliver/ClionProjects/pyarv/src/pyarv/version/tests/version_bindings.py"
Directory: /Users/oliver/ClionProjects/pyarv/cmake-build-default/src/pyarv/version/tests
"version_bindings" start time: Sep 12 16:19 BST
Output:
----------------------------------------------------------
.
----------------------------------------------------------------------
Ran 1 test in 0.004s

OK
<end of output>
Test time =   3.01 sec
----------------------------------------------------------
Test Passed.
"version_bindings" end time: Sep 12 16:19 BST
"version_bindings" time elapsed: 00:00:03
----------------------------------------------------------

9/9 Testing: module_example
9/9 Test: module_example
Command: "/Users/oliver/ClionProjects/pyarv/venv/bin/python" "/Users/oliver/ClionProjects/pyarv/misc/module_example.py"
Directory: /Users/oliver/ClionProjects/pyarv/cmake-build-default/misc
"module_example" start time: Sep 12 16:19 BST
Output:
----------------------------------------------------------
.
----------------------------------------------------------------------
Ran 1 test in 0.000s

OK
<end of output>
Test time =   2.53 sec
----------------------------------------------------------
Test Passed.
"module_example" end time: Sep 12 16:19 BST
"module_example" time elapsed: 00:00:02
----------------------------------------------------------

8/9 Testing: gaussian_bindings
8/9 Test: gaussian_bindings
Command: "/Users/oliver/ClionProjects/pyarv/venv/bin/python" "/Users/oliver/ClionProjects/pyarv/src/pyarv/gaussian/tests/gaussian_bindings.py"
Directory: /Users/oliver/ClionProjects/pyarv/cmake-build-default/src/pyarv/gaussian/tests
"gaussian_bindings" start time: Sep 12 16:19 BST
Output:
----------------------------------------------------------
...
----------------------------------------------------------------------
Ran 3 tests in 0.000s

OK
<end of output>
Test time =   3.85 sec
----------------------------------------------------------
Test Passed.
"gaussian_bindings" end time: Sep 12 16:19 BST
"gaussian_bindings" time elapsed: 00:00:03
----------------------------------------------------------

5/9 Testing: numpy_bindings_example
5/9 Test: numpy_bindings_example
Command: "/Users/oliver/ClionProjects/pyarv/venv/bin/python" "/Users/oliver/ClionProjects/pyarv/src/pyarv/bindings/examples/tests/numpy_bindings_example.py"
Directory: /Users/oliver/ClionProjects/pyarv/cmake-build-default/src/pyarv/bindings/examples/tests
"numpy_bindings_example" start time: Sep 12 16:19 BST
Output:
----------------------------------------------------------
.
----------------------------------------------------------------------
Ran 1 test in 0.000s

OK
Running the test of my function.
<end of output>
Test time =   4.80 sec
----------------------------------------------------------
Test Passed.
"numpy_bindings_example" end time: Sep 12 16:19 BST
"numpy_bindings_example" time elapsed: 00:00:04
----------------------------------------------------------

6/9 Testing: simple_bindings_example
6/9 Test: simple_bindings_example
Command: "/Users/oliver/ClionProjects/pyarv/venv/bin/python" "/Users/oliver/ClionProjects/pyarv/src/pyarv/bindings/examples/tests/simple_bindings_example.py"
Directory: /Users/oliver/ClionProjects/pyarv/cmake-build-default/src/pyarv/bindings/examples/tests
"simple_bindings_example" start time: Sep 12 16:19 BST
Output:
----------------------------------------------------------
.['/Users/oliver/ClionProjects/pyarv/src/pyarv/bindings/examples/tests', '/Users/oliver/ClionProjects/pyarv/src', '/Users/oliver/ClionProjects/pyarv/cmake-build-default/src/pyarv/bindings/examples/tests', '/Library/Frameworks/Python.framework/Versions/3.12/lib/python312.zip', '/Library/Frameworks/Python.framework/Versions/3.12/lib/python3.12', '/Library/Frameworks/Python.framework/Versions/3.12/lib/python3.12/lib-dynload', '/Users/oliver/ClionProjects/pyarv/venv/lib/python3.12/site-packages']
We are fatally failing now.
Hello world from within C.
The input values are: a = 1 and b = foo
.A non-fatal error from C in our Python binding.
.
----------------------------------------------------------------------
Ran 3 tests in 0.014s

OK
We were successfully able to catch an exception: Raising a non-fatal error from C in our Python binding up to Python.

Hello world from within C.
The input values are: a = 1 and b = foo
<end of output>
Test time =   4.83 sec
----------------------------------------------------------
Test Passed.
"simple_bindings_example" end time: Sep 12 16:19 BST
"simple_bindings_example" time elapsed: 00:00:04
----------------------------------------------------------

End testing: Sep 12 16:19 BST
