Start testing: Sep 03 14:11 BST
----------------------------------------------------------
1/6 Testing: version_example
1/6 Test: version_example
Command: "/Users/oliver/ClionProjects/pyarv/bin/version_example"
Directory: /Users/oliver/ClionProjects/pyarv/src/arv/version/tests
"version_example" start time: Sep 03 14:11 BST
Output:
----------------------------------------------------------
Matched the pattern "^v[[:digit:]]\{1,\}[.][[:digit:]]\{1,\}[.][[:digit:]]\{1,\}.*" to v0.0.1-1-gbb7a8c1-dirtyDid not match the pattern "^v[[:digit:]]\{1,\}[.][[:digit:]]\{1,\}[.][[:digit:]]\{1,\}.*" to the bad pattern 0.1.0Did not match the pattern "^v[[:digit:]]\{1,\}[.][[:digit:]]\{1,\}[.][[:digit:]]\{1,\}.*" to the bad pattern v0.1Did not match the pattern "^v[[:digit:]]\{1,\}[.][[:digit:]]\{1,\}[.][[:digit:]]\{1,\}.*" to the bad pattern v0..1Did not match the pattern "^v[[:digit:]]\{1,\}[.][[:digit:]]\{1,\}[.][[:digit:]]\{1,\}.*" to the bad pattern v0.a.2Matched the pattern "^v[[:digit:]]\{1,\}[.][[:digit:]]\{1,\}[.][[:digit:]]\{1,\}.*" to v0.1.0Matched the pattern "^v[[:digit:]]\{1,\}[.][[:digit:]]\{1,\}[.][[:digit:]]\{1,\}.*" to v0.1.0-dirtyMatched the pattern "^v[[:digit:]]\{1,\}[.][[:digit:]]\{1,\}[.][[:digit:]]\{1,\}.*" to v0.12.3Version: v0.0.1-1-gbb7a8c1-dirty
[====] Synthesis: Tested: 5 | Passing: 5 | Failing: 0 | Crashing: 0 
<end of output>
Test time =   0.43 sec
----------------------------------------------------------
Test Passed.
"version_example" end time: Sep 03 14:11 BST
"version_example" time elapsed: 00:00:00
----------------------------------------------------------

2/6 Testing: testing_example
2/6 Test: testing_example
Command: "/Users/oliver/ClionProjects/pyarv/bin/criterion_example"
Directory: /Users/oliver/ClionProjects/pyarv/src/arv/testing/tests
"testing_example" start time: Sep 03 14:11 BST
Output:
----------------------------------------------------------
[====] Synthesis: Tested: 3 | Passing: 3 | Failing: 0 | Crashing: 0 
<end of output>
Test time =   0.44 sec
----------------------------------------------------------
Test Passed.
"testing_example" end time: Sep 03 14:11 BST
"testing_example" time elapsed: 00:00:00
----------------------------------------------------------

3/6 Testing: logging_example
3/6 Test: logging_example
Command: "/Users/oliver/ClionProjects/pyarv/bin/logging_test"
Directory: /Users/oliver/ClionProjects/pyarv/src/arv/logging/tests
"logging_example" start time: Sep 03 14:11 BST
Output:
----------------------------------------------------------
some errorsome print error
some warningsome infosome messagesome print
some debugsome info, some string 10
[====] Synthesis: Tested: 3 | Passing: 3 | Failing: 0 | Crashing: 0 
<end of output>
Test time =   0.43 sec
----------------------------------------------------------
Test Passed.
"logging_example" end time: Sep 03 14:11 BST
"logging_example" time elapsed: 00:00:00
----------------------------------------------------------

4/6 Testing: error_codes_example
4/6 Test: error_codes_example
Command: "/Users/oliver/ClionProjects/pyarv/bin/_error_codes"
Directory: /Users/oliver/ClionProjects/pyarv/src/arv/error_codes/tests
"error_codes_example" start time: Sep 03 14:11 BST
Output:
----------------------------------------------------------
[====] Synthesis: Tested: 5 | Passing: 5 | Failing: 0 | Crashing: 0 
<end of output>
Test time =   0.49 sec
----------------------------------------------------------
Test Passed.
"error_codes_example" end time: Sep 03 14:11 BST
"error_codes_example" time elapsed: 00:00:00
----------------------------------------------------------

5/6 Testing: bindings_example
5/6 Test: bindings_example
Command: "/Users/oliver/ClionProjects/pyarv/venv/bin/python3.12" "/Users/oliver/ClionProjects/pyarv/src/pyarv/bindings/examples/tests/bindings_example.py"
Directory: /Users/oliver/ClionProjects/pyarv/src/pyarv/bindings/examples/tests
"bindings_example" start time: Sep 03 14:11 BST
Output:
----------------------------------------------------------
['/Users/oliver/ClionProjects/pyarv/src/pyarv/bindings/examples/tests', '/Users/oliver/ClionProjects/pyarv/src', '/Users/oliver/ClionProjects/pyarv/src/pyarv/bindings/examples/tests', '/Library/Frameworks/Python.framework/Versions/3.12/lib/python312.zip', '/Library/Frameworks/Python.framework/Versions/3.12/lib/python3.12', '/Library/Frameworks/Python.framework/Versions/3.12/lib/python3.12/lib-dynload', '/Users/oliver/ClionProjects/pyarv/venv/lib/python3.12/site-packages']
Traceback (most recent call last):
  File "/Users/oliver/ClionProjects/pyarv/src/pyarv/bindings/examples/tests/bindings_example.py", line 10, in <module>
    from pyarv.gaussian import foo, hello_world, fatal_failure, non_fatal_failure
ModuleNotFoundError: No module named 'pyarv.gaussian'
<end of output>
Test time =   0.07 sec
----------------------------------------------------------
Test Failed.
"bindings_example" end time: Sep 03 14:11 BST
"bindings_example" time elapsed: 00:00:00
----------------------------------------------------------

6/6 Testing: version_bindings
6/6 Test: version_bindings
Command: "/Users/oliver/ClionProjects/pyarv/venv/bin/python3.12" "/Users/oliver/ClionProjects/pyarv/src/pyarv/version/tests/version_bindings.py"
Directory: /Users/oliver/ClionProjects/pyarv/src/pyarv/version/tests
"version_bindings" start time: Sep 03 14:11 BST
Output:
----------------------------------------------------------
E
======================================================================
ERROR: test_basic_version_info (__main__.VersionInfo.test_basic_version_info)
----------------------------------------------------------------------
Traceback (most recent call last):
  File "/Users/oliver/ClionProjects/pyarv/src/pyarv/version/tests/version_bindings.py", line 10, in test_basic_version_info
    for variable, get_string_function in jsobj(version.repo_name, version.repo_author, version.repo_version, version.repo_email):
        ^^^^^^^^^^^^^^^^^^^^^^^^^^^^^
ValueError: too many values to unpack (expected 2)

----------------------------------------------------------------------
Ran 1 test in 0.003s

FAILED (errors=1)
<end of output>
Test time =   0.45 sec
----------------------------------------------------------
Test Failed.
"version_bindings" end time: Sep 03 14:11 BST
"version_bindings" time elapsed: 00:00:00
----------------------------------------------------------

End testing: Sep 03 14:11 BST
