Start testing: Sep 23 19:17 +04
----------------------------------------------------------
1/6 Testing: test_test_version_example
1/6 Test: test_test_version_example
Command: "/Users/osm/CLionProjects/pyarv/bin/test_version_example"
Directory: /Users/osm/CLionProjects/pyarv/src/arv/version/tests
"test_test_version_example" start time: Sep 23 19:17 +04
Output:
----------------------------------------------------------
Version: v0.1.1-8-gf5d63e9-dirty
[====] Synthesis: Tested: 5 | Passing: 5 | Failing: 0 | Crashing: 0 
<end of output>
Test time =   0.06 sec
----------------------------------------------------------
Test Passed.
"test_test_version_example" end time: Sep 23 19:17 +04
"test_test_version_example" time elapsed: 00:00:00
----------------------------------------------------------

2/6 Testing: test_criterion_example
2/6 Test: test_criterion_example
Command: "/Users/osm/CLionProjects/pyarv/bin/test_criterion_example"
Directory: /Users/osm/CLionProjects/pyarv/src/arv/testing/tests
"test_criterion_example" start time: Sep 23 19:17 +04
Output:
----------------------------------------------------------
[====] Synthesis: Tested: 3 | Passing: 3 | Failing: 0 | Crashing: 0 
<end of output>
Test time =   0.03 sec
----------------------------------------------------------
Test Passed.
"test_criterion_example" end time: Sep 23 19:17 +04
"test_criterion_example" time elapsed: 00:00:00
----------------------------------------------------------

3/6 Testing: test_logging
3/6 Test: test_logging
Command: "/Users/osm/CLionProjects/pyarv/bin/test_logging"
Directory: /Users/osm/CLionProjects/pyarv/src/arv/logging/tests
"test_logging" start time: Sep 23 19:17 +04
Output:
----------------------------------------------------------
some info, some string 10
** INFO: 19:17:12.601: some info
** Message: 19:17:12.602: some message
some print
some print error
** (process:32925): DEBUG: 19:17:12.602: some debug

** (process:32925): WARNING **: 19:17:12.602: some warning

** (process:32924): ERROR **: 19:17:12.601: some error
[====] Synthesis: Tested: 3 | Passing: 3 | Failing: 0 | Crashing: 0 
<end of output>
Test time =   0.03 sec
----------------------------------------------------------
Test Passed.
"test_logging" end time: Sep 23 19:17 +04
"test_logging" time elapsed: 00:00:00
----------------------------------------------------------

4/6 Testing: test_version_bindings
4/6 Test: test_version_bindings
Command: "/Users/osm/CLionProjects/pyarv/venv/bin/python3.12" "/Users/osm/CLionProjects/pyarv/src/pyarv/version/tests/test_version_bindings.py"
Directory: /Users/osm/CLionProjects/pyarv/src/pyarv/version/tests
"test_version_bindings" start time: Sep 23 19:17 +04
Output:
----------------------------------------------------------
Traceback (most recent call last):
  File "/Users/osm/CLionProjects/pyarv/src/pyarv/version/tests/test_version_bindings.py", line 4, in <module>
    import pyarv.version as version
  File "/Users/osm/CLionProjects/pyarv/src/pyarv/__init__.py", line 1, in <module>
    from pyarv.version import repo_version
  File "/Users/osm/CLionProjects/pyarv/src/pyarv/version/__init__.py", line 1, in <module>
    from pyarv.version.version_bindings import *
ImportError: dlopen(/Users/osm/CLionProjects/pyarv/src/pyarv/version/version_bindings.so, 0x0002): Library not loaded: @rpath/libversion.dylib
  Referenced from: <287DB4FD-CB7E-329C-9385-1750C40104F1> /Users/osm/CLionProjects/pyarv/src/pyarv/version/version_bindings.so
  Reason: tried: '/usr/local/lib/libversion.dylib' (no such file), '/System/Volumes/Preboot/Cryptexes/OS/usr/local/lib/libversion.dylib' (no such file), '/opt/homebrew/Cellar/glib/2.82.0/lib/libversion.dylib' (no such file), '/System/Volumes/Preboot/Cryptexes/OS/opt/homebrew/Cellar/glib/2.82.0/lib/libversion.dylib' (no such file), '/opt/homebrew/opt/gettext/lib/libversion.dylib' (no such file), '/System/Volumes/Preboot/Cryptexes/OS/opt/homebrew/opt/gettext/lib/libversion.dylib' (no such file), '/Users/osm/CLionProjects/pyarv/src/pyarv/version/libversion.dylib' (no such file), '/opt/homebrew/Cellar/gcc/14.2.0/lib/gcc/current/gcc/aarch64-apple-darwin23/14/libversion.dylib' (no such file), '/System/Volumes/Preboot/Cryptexes/OS/opt/homebrew/Cellar/gcc/14.2.0/lib/gcc/current/gcc/aarch64-apple-darwin23/14/libversion.dylib' (no such file), '/opt/homebrew/Cellar/gcc/14.2.0/lib/gcc/current/gcc/libversion.dylib' (no such file), '/System/Volumes/Preboot/Cryptexes/OS/opt/homebrew/Cellar/gcc/14.2.0/lib/gcc/current/gcc/libversion.dylib' (no such file), '/opt/homebrew/Cellar/gcc/14.2.0/lib/gcc/current/libversion.dylib' (no such file), '/System/Volumes/Preboot/Cryptexes/OS/opt/homebrew/Cellar/gcc/14.2.0/lib/gcc/current/libversion.dylib' (no such file), '/usr/local/lib/libversion.dylib' (no such file), '/System/Volumes/Preboot/Cryptexes/OS/usr/local/lib/libversion.dylib' (no such file), '/opt/homebrew/Cellar/glib/2.82.0/lib/libversion.dylib' (no such file), '/System/Volumes/Preboot/Cryptexes/OS/opt/homebrew/Cellar/glib/2.82.0/lib/libversion.dylib' (no such file), '/opt/homebrew/opt/gettext/lib/libversion.dylib' (no such file), '/System/Volumes/Preboot/Cryptexes/OS/opt/homebrew/opt/gettext/lib/libversion.dylib' (no such file), '/Users/osm/CLionProjects/pyarv/src/pyarv/version/libversion.dylib' (no such file), '/opt/homebrew/Cellar/gcc/14.2.0/lib/gcc/current/gcc/aarch64-apple-darwin23/14/libversion.dylib' (no such file), '/System/Volumes/Preboot/Cryptexes/OS/opt/homebrew/Cellar/gcc/14.2.0/lib/gcc/current/gcc/aarch64-apple-darwin23/14/libversion.dylib' (no such file), '/opt/homebrew/Cellar/gcc/14.2.0/lib/gcc/current/gcc/libversion.dylib' (no such file), '/System/Volumes/Preboot/Cryptexes/OS/opt/homebrew/Cellar/gcc/14.2.0/lib/gcc/current/gcc/libversion.dylib' (no such file), '/opt/homebrew/Cellar/gcc/14.2.0/lib/gcc/current/libversion.dylib' (no such file), '/System/Volumes/Preboot/Cryptexes/OS/opt/homebrew/Cellar/gcc/14.2.0/lib/gcc/current/libversion.dylib' (no such file), '/opt/homebrew/lib/libversion.dylib' (no such file), '/System/Volumes/Preboot/Cryptexes/OS/opt/homebrew/lib/libversion.dylib' (no such file), '/opt/homebrew/lib/libversion.dylib' (no such file), '/System/Volumes/Preboot/Cryptexes/OS/opt/homebrew/lib/libversion.dylib' (no such file), '/usr/local/lib/libversion.dylib' (no such file), '/usr/lib/libversion.dylib' (no such file, not in dyld cache)
<end of output>
Test time =   0.04 sec
----------------------------------------------------------
Test Failed.
"test_version_bindings" end time: Sep 23 19:17 +04
"test_version_bindings" time elapsed: 00:00:00
----------------------------------------------------------

5/6 Testing: test_gaussian_bindings
5/6 Test: test_gaussian_bindings
Command: "/Users/osm/CLionProjects/pyarv/venv/bin/python3.12" "/Users/osm/CLionProjects/pyarv/src/pyarv/gaussian/tests/test_gaussian_bindings.py"
Directory: /Users/osm/CLionProjects/pyarv/src/pyarv/gaussian/tests
"test_gaussian_bindings" start time: Sep 23 19:17 +04
Output:
----------------------------------------------------------
Traceback (most recent call last):
  File "/Users/osm/CLionProjects/pyarv/src/pyarv/gaussian/tests/test_gaussian_bindings.py", line 4, in <module>
    from pyarv.gaussian.polynomial import polynomial
  File "/Users/osm/CLionProjects/pyarv/src/pyarv/__init__.py", line 1, in <module>
    from pyarv.version import repo_version
  File "/Users/osm/CLionProjects/pyarv/src/pyarv/version/__init__.py", line 1, in <module>
    from pyarv.version.version_bindings import *
ImportError: dlopen(/Users/osm/CLionProjects/pyarv/src/pyarv/version/version_bindings.so, 0x0002): Library not loaded: @rpath/libversion.dylib
  Referenced from: <287DB4FD-CB7E-329C-9385-1750C40104F1> /Users/osm/CLionProjects/pyarv/src/pyarv/version/version_bindings.so
  Reason: tried: '/usr/local/lib/libversion.dylib' (no such file), '/System/Volumes/Preboot/Cryptexes/OS/usr/local/lib/libversion.dylib' (no such file), '/opt/homebrew/Cellar/glib/2.82.0/lib/libversion.dylib' (no such file), '/System/Volumes/Preboot/Cryptexes/OS/opt/homebrew/Cellar/glib/2.82.0/lib/libversion.dylib' (no such file), '/opt/homebrew/opt/gettext/lib/libversion.dylib' (no such file), '/System/Volumes/Preboot/Cryptexes/OS/opt/homebrew/opt/gettext/lib/libversion.dylib' (no such file), '/Users/osm/CLionProjects/pyarv/src/pyarv/version/libversion.dylib' (no such file), '/opt/homebrew/Cellar/gcc/14.2.0/lib/gcc/current/gcc/aarch64-apple-darwin23/14/libversion.dylib' (no such file), '/System/Volumes/Preboot/Cryptexes/OS/opt/homebrew/Cellar/gcc/14.2.0/lib/gcc/current/gcc/aarch64-apple-darwin23/14/libversion.dylib' (no such file), '/opt/homebrew/Cellar/gcc/14.2.0/lib/gcc/current/gcc/libversion.dylib' (no such file), '/System/Volumes/Preboot/Cryptexes/OS/opt/homebrew/Cellar/gcc/14.2.0/lib/gcc/current/gcc/libversion.dylib' (no such file), '/opt/homebrew/Cellar/gcc/14.2.0/lib/gcc/current/libversion.dylib' (no such file), '/System/Volumes/Preboot/Cryptexes/OS/opt/homebrew/Cellar/gcc/14.2.0/lib/gcc/current/libversion.dylib' (no such file), '/usr/local/lib/libversion.dylib' (no such file), '/System/Volumes/Preboot/Cryptexes/OS/usr/local/lib/libversion.dylib' (no such file), '/opt/homebrew/Cellar/glib/2.82.0/lib/libversion.dylib' (no such file), '/System/Volumes/Preboot/Cryptexes/OS/opt/homebrew/Cellar/glib/2.82.0/lib/libversion.dylib' (no such file), '/opt/homebrew/opt/gettext/lib/libversion.dylib' (no such file), '/System/Volumes/Preboot/Cryptexes/OS/opt/homebrew/opt/gettext/lib/libversion.dylib' (no such file), '/Users/osm/CLionProjects/pyarv/src/pyarv/version/libversion.dylib' (no such file), '/opt/homebrew/Cellar/gcc/14.2.0/lib/gcc/current/gcc/aarch64-apple-darwin23/14/libversion.dylib' (no such file), '/System/Volumes/Preboot/Cryptexes/OS/opt/homebrew/Cellar/gcc/14.2.0/lib/gcc/current/gcc/aarch64-apple-darwin23/14/libversion.dylib' (no such file), '/opt/homebrew/Cellar/gcc/14.2.0/lib/gcc/current/gcc/libversion.dylib' (no such file), '/System/Volumes/Preboot/Cryptexes/OS/opt/homebrew/Cellar/gcc/14.2.0/lib/gcc/current/gcc/libversion.dylib' (no such file), '/opt/homebrew/Cellar/gcc/14.2.0/lib/gcc/current/libversion.dylib' (no such file), '/System/Volumes/Preboot/Cryptexes/OS/opt/homebrew/Cellar/gcc/14.2.0/lib/gcc/current/libversion.dylib' (no such file), '/opt/homebrew/lib/libversion.dylib' (no such file), '/System/Volumes/Preboot/Cryptexes/OS/opt/homebrew/lib/libversion.dylib' (no such file), '/opt/homebrew/lib/libversion.dylib' (no such file), '/System/Volumes/Preboot/Cryptexes/OS/opt/homebrew/lib/libversion.dylib' (no such file), '/usr/local/lib/libversion.dylib' (no such file), '/usr/lib/libversion.dylib' (no such file, not in dyld cache)
<end of output>
Test time =   0.06 sec
----------------------------------------------------------
Test Failed.
"test_gaussian_bindings" end time: Sep 23 19:17 +04
"test_gaussian_bindings" time elapsed: 00:00:00
----------------------------------------------------------

6/6 Testing: test_non_central_chi_squared_bindings
6/6 Test: test_non_central_chi_squared_bindings
Command: "/Users/osm/CLionProjects/pyarv/venv/bin/python3.12" "/Users/osm/CLionProjects/pyarv/src/pyarv/non_central_chi_squared/tests/test_non_central_chi_squared_bindings.py"
Directory: /Users/osm/CLionProjects/pyarv/src/pyarv/non_central_chi_squared/tests
"test_non_central_chi_squared_bindings" start time: Sep 23 19:17 +04
Output:
----------------------------------------------------------
Traceback (most recent call last):
  File "/Users/osm/CLionProjects/pyarv/src/pyarv/non_central_chi_squared/tests/test_non_central_chi_squared_bindings.py", line 5, in <module>
    from pyarv.non_central_chi_squared.polynomial import polynomial
  File "/Users/osm/CLionProjects/pyarv/src/pyarv/__init__.py", line 1, in <module>
    from pyarv.version import repo_version
  File "/Users/osm/CLionProjects/pyarv/src/pyarv/version/__init__.py", line 1, in <module>
    from pyarv.version.version_bindings import *
ImportError: dlopen(/Users/osm/CLionProjects/pyarv/src/pyarv/version/version_bindings.so, 0x0002): Library not loaded: @rpath/libversion.dylib
  Referenced from: <287DB4FD-CB7E-329C-9385-1750C40104F1> /Users/osm/CLionProjects/pyarv/src/pyarv/version/version_bindings.so
  Reason: tried: '/usr/local/lib/libversion.dylib' (no such file), '/System/Volumes/Preboot/Cryptexes/OS/usr/local/lib/libversion.dylib' (no such file), '/opt/homebrew/Cellar/glib/2.82.0/lib/libversion.dylib' (no such file), '/System/Volumes/Preboot/Cryptexes/OS/opt/homebrew/Cellar/glib/2.82.0/lib/libversion.dylib' (no such file), '/opt/homebrew/opt/gettext/lib/libversion.dylib' (no such file), '/System/Volumes/Preboot/Cryptexes/OS/opt/homebrew/opt/gettext/lib/libversion.dylib' (no such file), '/Users/osm/CLionProjects/pyarv/src/pyarv/version/libversion.dylib' (no such file), '/opt/homebrew/Cellar/gcc/14.2.0/lib/gcc/current/gcc/aarch64-apple-darwin23/14/libversion.dylib' (no such file), '/System/Volumes/Preboot/Cryptexes/OS/opt/homebrew/Cellar/gcc/14.2.0/lib/gcc/current/gcc/aarch64-apple-darwin23/14/libversion.dylib' (no such file), '/opt/homebrew/Cellar/gcc/14.2.0/lib/gcc/current/gcc/libversion.dylib' (no such file), '/System/Volumes/Preboot/Cryptexes/OS/opt/homebrew/Cellar/gcc/14.2.0/lib/gcc/current/gcc/libversion.dylib' (no such file), '/opt/homebrew/Cellar/gcc/14.2.0/lib/gcc/current/libversion.dylib' (no such file), '/System/Volumes/Preboot/Cryptexes/OS/opt/homebrew/Cellar/gcc/14.2.0/lib/gcc/current/libversion.dylib' (no such file), '/usr/local/lib/libversion.dylib' (no such file), '/System/Volumes/Preboot/Cryptexes/OS/usr/local/lib/libversion.dylib' (no such file), '/opt/homebrew/Cellar/glib/2.82.0/lib/libversion.dylib' (no such file), '/System/Volumes/Preboot/Cryptexes/OS/opt/homebrew/Cellar/glib/2.82.0/lib/libversion.dylib' (no such file), '/opt/homebrew/opt/gettext/lib/libversion.dylib' (no such file), '/System/Volumes/Preboot/Cryptexes/OS/opt/homebrew/opt/gettext/lib/libversion.dylib' (no such file), '/Users/osm/CLionProjects/pyarv/src/pyarv/version/libversion.dylib' (no such file), '/opt/homebrew/Cellar/gcc/14.2.0/lib/gcc/current/gcc/aarch64-apple-darwin23/14/libversion.dylib' (no such file), '/System/Volumes/Preboot/Cryptexes/OS/opt/homebrew/Cellar/gcc/14.2.0/lib/gcc/current/gcc/aarch64-apple-darwin23/14/libversion.dylib' (no such file), '/opt/homebrew/Cellar/gcc/14.2.0/lib/gcc/current/gcc/libversion.dylib' (no such file), '/System/Volumes/Preboot/Cryptexes/OS/opt/homebrew/Cellar/gcc/14.2.0/lib/gcc/current/gcc/libversion.dylib' (no such file), '/opt/homebrew/Cellar/gcc/14.2.0/lib/gcc/current/libversion.dylib' (no such file), '/System/Volumes/Preboot/Cryptexes/OS/opt/homebrew/Cellar/gcc/14.2.0/lib/gcc/current/libversion.dylib' (no such file), '/opt/homebrew/lib/libversion.dylib' (no such file), '/System/Volumes/Preboot/Cryptexes/OS/opt/homebrew/lib/libversion.dylib' (no such file), '/opt/homebrew/lib/libversion.dylib' (no such file), '/System/Volumes/Preboot/Cryptexes/OS/opt/homebrew/lib/libversion.dylib' (no such file), '/usr/local/lib/libversion.dylib' (no such file), '/usr/lib/libversion.dylib' (no such file, not in dyld cache)
<end of output>
Test time =   0.06 sec
----------------------------------------------------------
Test Failed.
"test_non_central_chi_squared_bindings" end time: Sep 23 19:17 +04
"test_non_central_chi_squared_bindings" time elapsed: 00:00:00
----------------------------------------------------------

End testing: Sep 23 19:17 +04
