# This is the CMakeCache file.
# For build in directory: /Users/oliver/ClionProjects/testing/build
# It was generated by CMake: /usr/local/Cellar/cmake/3.29.2/bin/cmake
# You can edit this file to change values found and used by cmake.
# If you do not want to change any of the values, simply exit the editor.
# If you do want to change a value, simply edit, save, and exit the editor.
# The syntax for the file is as follows:
# KEY:TYPE=VALUE
# KEY is the name of a variable in the cache.
# TYPE is a hint to GUIs for the type of VALUE, DO NOT EDIT TYPE!.
# VALUE is the current value for the KEY.

########################
# EXTERNAL cache entries
########################

//The directory containing a CMake configuration file for Boost.
Boost_DIR:PATH=/usr/local/lib/cmake/Boost-1.84.0

Boost_FILESYSTEM_LIBRARY_RELEASE:STRING=/usr/local/lib/libboost_filesystem-mt.dylib

//Path to a file.
Boost_INCLUDE_DIR:PATH=/usr/local/include

Boost_PROGRAM_OPTIONS_LIBRARY_RELEASE:STRING=/usr/local/lib/libboost_program_options-mt.dylib

//Path to a program.
CMAKE_ADDR2LINE:FILEPATH=/usr/local/opt/llvm/bin/llvm-addr2line

//Path to a program.
CMAKE_AR:FILEPATH=/opt/local/bin/ar

//Choose the type of build, options are: None Debug Release RelWithDebInfo
// MinSizeRel ...
CMAKE_BUILD_TYPE:STRING=

//Enable/Disable color output during build.
CMAKE_COLOR_MAKEFILE:BOOL=ON

//CXX compiler
CMAKE_CXX_COMPILER:STRING=/opt/local/bin/clang++-mp-16

//LLVM archiver
CMAKE_CXX_COMPILER_AR:FILEPATH=/usr/local/opt/llvm/bin/llvm-ar

//`clang-scan-deps` dependency scanner
CMAKE_CXX_COMPILER_CLANG_SCAN_DEPS:FILEPATH=/usr/local/opt/llvm/bin/clang-scan-deps

//Generate index for LLVM archive
CMAKE_CXX_COMPILER_RANLIB:FILEPATH=/usr/local/opt/llvm/bin/llvm-ranlib

//Flags used by the CXX compiler during all build types.
CMAKE_CXX_FLAGS:STRING=

//Flags used by the CXX compiler during DEBUG builds.
CMAKE_CXX_FLAGS_DEBUG:STRING=-g

//Flags used by the CXX compiler during MINSIZEREL builds.
CMAKE_CXX_FLAGS_MINSIZEREL:STRING=-Os -DNDEBUG

//Flags used by the CXX compiler during RELEASE builds.
CMAKE_CXX_FLAGS_RELEASE:STRING=-O3 -DNDEBUG

//Flags used by the CXX compiler during RELWITHDEBINFO builds.
CMAKE_CXX_FLAGS_RELWITHDEBINFO:STRING=-O2 -g -DNDEBUG

//C compiler
CMAKE_C_COMPILER:STRING=/opt/local/bin/clang-mp-16

//LLVM archiver
CMAKE_C_COMPILER_AR:FILEPATH=/usr/local/opt/llvm/bin/llvm-ar

//`clang-scan-deps` dependency scanner
CMAKE_C_COMPILER_CLANG_SCAN_DEPS:FILEPATH=/usr/local/opt/llvm/bin/clang-scan-deps

//Generate index for LLVM archive
CMAKE_C_COMPILER_RANLIB:FILEPATH=/usr/local/opt/llvm/bin/llvm-ranlib

//Flags used by the C compiler during all build types.
CMAKE_C_FLAGS:STRING=

//Flags used by the C compiler during DEBUG builds.
CMAKE_C_FLAGS_DEBUG:STRING=-g

//Flags used by the C compiler during MINSIZEREL builds.
CMAKE_C_FLAGS_MINSIZEREL:STRING=-Os -DNDEBUG

//Flags used by the C compiler during RELEASE builds.
CMAKE_C_FLAGS_RELEASE:STRING=-O3 -DNDEBUG

//Flags used by the C compiler during RELWITHDEBINFO builds.
CMAKE_C_FLAGS_RELWITHDEBINFO:STRING=-O2 -g -DNDEBUG

//Path to a program.
CMAKE_DLLTOOL:FILEPATH=/usr/local/opt/llvm/bin/llvm-dlltool

//Flags used by the linker during all build types.
CMAKE_EXE_LINKER_FLAGS:STRING=-L/usr/local/opt/llvm/lib

//Flags used by the linker during DEBUG builds.
CMAKE_EXE_LINKER_FLAGS_DEBUG:STRING=

//Flags used by the linker during MINSIZEREL builds.
CMAKE_EXE_LINKER_FLAGS_MINSIZEREL:STRING=

//Flags used by the linker during RELEASE builds.
CMAKE_EXE_LINKER_FLAGS_RELEASE:STRING=

//Flags used by the linker during RELWITHDEBINFO builds.
CMAKE_EXE_LINKER_FLAGS_RELWITHDEBINFO:STRING=

//Enable/Disable output of compile commands during generation.
CMAKE_EXPORT_COMPILE_COMMANDS:BOOL=

//Value Computed by CMake.
CMAKE_FIND_PACKAGE_REDIRECTS_DIR:STATIC=/Users/oliver/ClionProjects/testing/build/CMakeFiles/pkgRedirects

//Path to a program.
CMAKE_INSTALL_NAME_TOOL:FILEPATH=/usr/bin/install_name_tool

//Install path prefix, prepended onto install directories.
CMAKE_INSTALL_PREFIX:PATH=/usr/local

//Path to a program.
CMAKE_LINKER:FILEPATH=/opt/local/bin/ld

//Path to a program.
CMAKE_MAKE_PROGRAM:FILEPATH=/usr/bin/make

//Flags used by the linker during the creation of modules during
// all build types.
CMAKE_MODULE_LINKER_FLAGS:STRING=-L/usr/local/opt/llvm/lib

//Flags used by the linker during the creation of modules during
// DEBUG builds.
CMAKE_MODULE_LINKER_FLAGS_DEBUG:STRING=

//Flags used by the linker during the creation of modules during
// MINSIZEREL builds.
CMAKE_MODULE_LINKER_FLAGS_MINSIZEREL:STRING=

//Flags used by the linker during the creation of modules during
// RELEASE builds.
CMAKE_MODULE_LINKER_FLAGS_RELEASE:STRING=

//Flags used by the linker during the creation of modules during
// RELWITHDEBINFO builds.
CMAKE_MODULE_LINKER_FLAGS_RELWITHDEBINFO:STRING=

//Path to a program.
CMAKE_NM:FILEPATH=/usr/local/opt/llvm/bin/llvm-nm

//Path to a program.
CMAKE_OBJCOPY:FILEPATH=/usr/local/opt/llvm/bin/llvm-objcopy

//Path to a program.
CMAKE_OBJDUMP:FILEPATH=/usr/local/opt/llvm/bin/llvm-objdump

//Build architectures for OSX
CMAKE_OSX_ARCHITECTURES:STRING=

//Minimum OS X version to target for deployment (at runtime); newer
// APIs weak linked. Set to empty string for default value.
CMAKE_OSX_DEPLOYMENT_TARGET:STRING=12.7

//The product will be built against the headers and libraries located
// inside the indicated SDK.
CMAKE_OSX_SYSROOT:PATH=/Applications/Xcode.app/Contents/Developer/Platforms/MacOSX.platform/Developer/SDKs/MacOSX13.1.sdk

//Value Computed by CMake
CMAKE_PROJECT_DESCRIPTION:STATIC=

//Value Computed by CMake
CMAKE_PROJECT_HOMEPAGE_URL:STATIC=

//Value Computed by CMake
CMAKE_PROJECT_NAME:STATIC=testing

//Path to a program.
CMAKE_RANLIB:FILEPATH=/usr/local/opt/llvm/bin/llvm-ranlib

//Path to a program.
CMAKE_READELF:FILEPATH=/usr/local/opt/llvm/bin/llvm-readelf

//Flags used by the linker during the creation of shared libraries
// during all build types.
CMAKE_SHARED_LINKER_FLAGS:STRING=-L/usr/local/opt/llvm/lib

//Flags used by the linker during the creation of shared libraries
// during DEBUG builds.
CMAKE_SHARED_LINKER_FLAGS_DEBUG:STRING=

//Flags used by the linker during the creation of shared libraries
// during MINSIZEREL builds.
CMAKE_SHARED_LINKER_FLAGS_MINSIZEREL:STRING=

//Flags used by the linker during the creation of shared libraries
// during RELEASE builds.
CMAKE_SHARED_LINKER_FLAGS_RELEASE:STRING=

//Flags used by the linker during the creation of shared libraries
// during RELWITHDEBINFO builds.
CMAKE_SHARED_LINKER_FLAGS_RELWITHDEBINFO:STRING=

//If set, runtime paths are not added when installing shared libraries,
// but are added when building.
CMAKE_SKIP_INSTALL_RPATH:BOOL=NO

//If set, runtime paths are not added when using shared libraries.
CMAKE_SKIP_RPATH:BOOL=NO

//Flags used by the linker during the creation of static libraries
// during all build types.
CMAKE_STATIC_LINKER_FLAGS:STRING=

//Flags used by the linker during the creation of static libraries
// during DEBUG builds.
CMAKE_STATIC_LINKER_FLAGS_DEBUG:STRING=

//Flags used by the linker during the creation of static libraries
// during MINSIZEREL builds.
CMAKE_STATIC_LINKER_FLAGS_MINSIZEREL:STRING=

//Flags used by the linker during the creation of static libraries
// during RELEASE builds.
CMAKE_STATIC_LINKER_FLAGS_RELEASE:STRING=

//Flags used by the linker during the creation of static libraries
// during RELWITHDEBINFO builds.
CMAKE_STATIC_LINKER_FLAGS_RELWITHDEBINFO:STRING=

//Path to a program.
CMAKE_STRIP:FILEPATH=/opt/local/bin/strip

//Path to a program.
CMAKE_TAPI:FILEPATH=/Applications/Xcode.app/Contents/Developer/Toolchains/XcodeDefault.xctoolchain/usr/bin/tapi

//If this value is on, makefiles will be generated without the
// .SILENT directive, and all commands will be echoed to the console
// during the make.  This is useful for debugging only. With Visual
// Studio IDE projects all commands are done without /nologo.
CMAKE_VERBOSE_MAKEFILE:BOOL=FALSE

//Path to a file.
CRITERION_INCLUDE_DIR:PATH=/usr/local/include

//Path to a library.
CRITERION_LIBRARY:FILEPATH=/usr/local/lib/libcriterion.dylib

//Git command line client
GIT_EXECUTABLE:FILEPATH=/usr/local/bin/git

//The directory containing a CMake configuration file for GTest.
GTest_DIR:PATH=/usr/local/lib/cmake/GTest

//Arguments to supply to pkg-config
PKG_CONFIG_ARGN:STRING=

//pkg-config executable
PKG_CONFIG_EXECUTABLE:FILEPATH=/opt/local/bin/pkg-config

//The directory containing a CMake configuration file for boost_atomic.
boost_atomic_DIR:PATH=/usr/local/lib/cmake/boost_atomic-1.84.0

//The directory containing a CMake configuration file for boost_filesystem.
boost_filesystem_DIR:PATH=/usr/local/lib/cmake/boost_filesystem-1.84.0

//The directory containing a CMake configuration file for boost_headers.
boost_headers_DIR:PATH=/usr/local/lib/cmake/boost_headers-1.84.0

//The directory containing a CMake configuration file for boost_program_options.
boost_program_options_DIR:PATH=/usr/local/lib/cmake/boost_program_options-1.84.0

//The directory containing a CMake configuration file for gflags.
gflags_DIR:PATH=/usr/local/lib/cmake/gflags

//The directory containing a CMake configuration file for glog.
glog_DIR:PATH=/usr/local/lib/cmake/glog

//Path to a library.
pkgcfg_lib_GLIB_glib-2.0:FILEPATH=/usr/local/Cellar/glib/2.80.0_2/lib/libglib-2.0.dylib

//Path to a library.
pkgcfg_lib_GLIB_intl:FILEPATH=/usr/local/opt/gettext/lib/libintl.dylib

//Value Computed by CMake
testing_BINARY_DIR:STATIC=/Users/oliver/ClionProjects/testing/build

//Value Computed by CMake
testing_IS_TOP_LEVEL:STATIC=ON

//Value Computed by CMake
testing_SOURCE_DIR:STATIC=/Users/oliver/ClionProjects/testing


########################
# INTERNAL cache entries
########################

//ADVANCED property for variable: Boost_DIR
Boost_DIR-ADVANCED:INTERNAL=1
//ADVANCED property for variable: CMAKE_ADDR2LINE
CMAKE_ADDR2LINE-ADVANCED:INTERNAL=1
//ADVANCED property for variable: CMAKE_AR
CMAKE_AR-ADVANCED:INTERNAL=1
//This is the directory where this CMakeCache.txt was created
CMAKE_CACHEFILE_DIR:INTERNAL=/Users/oliver/ClionProjects/testing/build
//Major version of cmake used to create the current loaded cache
CMAKE_CACHE_MAJOR_VERSION:INTERNAL=3
//Minor version of cmake used to create the current loaded cache
CMAKE_CACHE_MINOR_VERSION:INTERNAL=29
//Patch version of cmake used to create the current loaded cache
CMAKE_CACHE_PATCH_VERSION:INTERNAL=2
//ADVANCED property for variable: CMAKE_COLOR_MAKEFILE
CMAKE_COLOR_MAKEFILE-ADVANCED:INTERNAL=1
//Path to CMake executable.
CMAKE_COMMAND:INTERNAL=/usr/local/Cellar/cmake/3.29.2/bin/cmake
//Path to cpack program executable.
CMAKE_CPACK_COMMAND:INTERNAL=/usr/local/Cellar/cmake/3.29.2/bin/cpack
//Path to ctest program executable.
CMAKE_CTEST_COMMAND:INTERNAL=/usr/local/Cellar/cmake/3.29.2/bin/ctest
//ADVANCED property for variable: CMAKE_CXX_COMPILER
CMAKE_CXX_COMPILER-ADVANCED:INTERNAL=1
//ADVANCED property for variable: CMAKE_CXX_COMPILER_AR
CMAKE_CXX_COMPILER_AR-ADVANCED:INTERNAL=1
//ADVANCED property for variable: CMAKE_CXX_COMPILER_CLANG_SCAN_DEPS
CMAKE_CXX_COMPILER_CLANG_SCAN_DEPS-ADVANCED:INTERNAL=1
//ADVANCED property for variable: CMAKE_CXX_COMPILER_RANLIB
CMAKE_CXX_COMPILER_RANLIB-ADVANCED:INTERNAL=1
//ADVANCED property for variable: CMAKE_CXX_FLAGS
CMAKE_CXX_FLAGS-ADVANCED:INTERNAL=1
//ADVANCED property for variable: CMAKE_CXX_FLAGS_DEBUG
CMAKE_CXX_FLAGS_DEBUG-ADVANCED:INTERNAL=1
//ADVANCED property for variable: CMAKE_CXX_FLAGS_MINSIZEREL
CMAKE_CXX_FLAGS_MINSIZEREL-ADVANCED:INTERNAL=1
//ADVANCED property for variable: CMAKE_CXX_FLAGS_RELEASE
CMAKE_CXX_FLAGS_RELEASE-ADVANCED:INTERNAL=1
//ADVANCED property for variable: CMAKE_CXX_FLAGS_RELWITHDEBINFO
CMAKE_CXX_FLAGS_RELWITHDEBINFO-ADVANCED:INTERNAL=1
//ADVANCED property for variable: CMAKE_C_COMPILER
CMAKE_C_COMPILER-ADVANCED:INTERNAL=1
//ADVANCED property for variable: CMAKE_C_COMPILER_AR
CMAKE_C_COMPILER_AR-ADVANCED:INTERNAL=1
//ADVANCED property for variable: CMAKE_C_COMPILER_CLANG_SCAN_DEPS
CMAKE_C_COMPILER_CLANG_SCAN_DEPS-ADVANCED:INTERNAL=1
//ADVANCED property for variable: CMAKE_C_COMPILER_RANLIB
CMAKE_C_COMPILER_RANLIB-ADVANCED:INTERNAL=1
//ADVANCED property for variable: CMAKE_C_FLAGS
CMAKE_C_FLAGS-ADVANCED:INTERNAL=1
//ADVANCED property for variable: CMAKE_C_FLAGS_DEBUG
CMAKE_C_FLAGS_DEBUG-ADVANCED:INTERNAL=1
//ADVANCED property for variable: CMAKE_C_FLAGS_MINSIZEREL
CMAKE_C_FLAGS_MINSIZEREL-ADVANCED:INTERNAL=1
//ADVANCED property for variable: CMAKE_C_FLAGS_RELEASE
CMAKE_C_FLAGS_RELEASE-ADVANCED:INTERNAL=1
//ADVANCED property for variable: CMAKE_C_FLAGS_RELWITHDEBINFO
CMAKE_C_FLAGS_RELWITHDEBINFO-ADVANCED:INTERNAL=1
//ADVANCED property for variable: CMAKE_DLLTOOL
CMAKE_DLLTOOL-ADVANCED:INTERNAL=1
//Path to cache edit program executable.
CMAKE_EDIT_COMMAND:INTERNAL=/usr/local/Cellar/cmake/3.29.2/bin/ccmake
//Executable file format
CMAKE_EXECUTABLE_FORMAT:INTERNAL=MACHO
//ADVANCED property for variable: CMAKE_EXE_LINKER_FLAGS
CMAKE_EXE_LINKER_FLAGS-ADVANCED:INTERNAL=1
//ADVANCED property for variable: CMAKE_EXE_LINKER_FLAGS_DEBUG
CMAKE_EXE_LINKER_FLAGS_DEBUG-ADVANCED:INTERNAL=1
//ADVANCED property for variable: CMAKE_EXE_LINKER_FLAGS_MINSIZEREL
CMAKE_EXE_LINKER_FLAGS_MINSIZEREL-ADVANCED:INTERNAL=1
//ADVANCED property for variable: CMAKE_EXE_LINKER_FLAGS_RELEASE
CMAKE_EXE_LINKER_FLAGS_RELEASE-ADVANCED:INTERNAL=1
//ADVANCED property for variable: CMAKE_EXE_LINKER_FLAGS_RELWITHDEBINFO
CMAKE_EXE_LINKER_FLAGS_RELWITHDEBINFO-ADVANCED:INTERNAL=1
//ADVANCED property for variable: CMAKE_EXPORT_COMPILE_COMMANDS
CMAKE_EXPORT_COMPILE_COMMANDS-ADVANCED:INTERNAL=1
//Name of external makefile project generator.
CMAKE_EXTRA_GENERATOR:INTERNAL=
//Name of generator.
CMAKE_GENERATOR:INTERNAL=Unix Makefiles
//Generator instance identifier.
CMAKE_GENERATOR_INSTANCE:INTERNAL=
//Name of generator platform.
CMAKE_GENERATOR_PLATFORM:INTERNAL=
//Name of generator toolset.
CMAKE_GENERATOR_TOOLSET:INTERNAL=
//Source directory with the top level CMakeLists.txt file for this
// project
CMAKE_HOME_DIRECTORY:INTERNAL=/Users/oliver/ClionProjects/testing
//ADVANCED property for variable: CMAKE_INSTALL_NAME_TOOL
CMAKE_INSTALL_NAME_TOOL-ADVANCED:INTERNAL=1
//ADVANCED property for variable: CMAKE_LINKER
CMAKE_LINKER-ADVANCED:INTERNAL=1
//ADVANCED property for variable: CMAKE_MAKE_PROGRAM
CMAKE_MAKE_PROGRAM-ADVANCED:INTERNAL=1
//ADVANCED property for variable: CMAKE_MODULE_LINKER_FLAGS
CMAKE_MODULE_LINKER_FLAGS-ADVANCED:INTERNAL=1
//ADVANCED property for variable: CMAKE_MODULE_LINKER_FLAGS_DEBUG
CMAKE_MODULE_LINKER_FLAGS_DEBUG-ADVANCED:INTERNAL=1
//ADVANCED property for variable: CMAKE_MODULE_LINKER_FLAGS_MINSIZEREL
CMAKE_MODULE_LINKER_FLAGS_MINSIZEREL-ADVANCED:INTERNAL=1
//ADVANCED property for variable: CMAKE_MODULE_LINKER_FLAGS_RELEASE
CMAKE_MODULE_LINKER_FLAGS_RELEASE-ADVANCED:INTERNAL=1
//ADVANCED property for variable: CMAKE_MODULE_LINKER_FLAGS_RELWITHDEBINFO
CMAKE_MODULE_LINKER_FLAGS_RELWITHDEBINFO-ADVANCED:INTERNAL=1
//ADVANCED property for variable: CMAKE_NM
CMAKE_NM-ADVANCED:INTERNAL=1
//number of local generators
CMAKE_NUMBER_OF_MAKEFILES:INTERNAL=39
//ADVANCED property for variable: CMAKE_OBJCOPY
CMAKE_OBJCOPY-ADVANCED:INTERNAL=1
//ADVANCED property for variable: CMAKE_OBJDUMP
CMAKE_OBJDUMP-ADVANCED:INTERNAL=1
//Platform information initialized
CMAKE_PLATFORM_INFO_INITIALIZED:INTERNAL=1
//ADVANCED property for variable: CMAKE_RANLIB
CMAKE_RANLIB-ADVANCED:INTERNAL=1
//ADVANCED property for variable: CMAKE_READELF
CMAKE_READELF-ADVANCED:INTERNAL=1
//Path to CMake installation.
CMAKE_ROOT:INTERNAL=/usr/local/Cellar/cmake/3.29.2/share/cmake
//ADVANCED property for variable: CMAKE_SHARED_LINKER_FLAGS
CMAKE_SHARED_LINKER_FLAGS-ADVANCED:INTERNAL=1
//ADVANCED property for variable: CMAKE_SHARED_LINKER_FLAGS_DEBUG
CMAKE_SHARED_LINKER_FLAGS_DEBUG-ADVANCED:INTERNAL=1
//ADVANCED property for variable: CMAKE_SHARED_LINKER_FLAGS_MINSIZEREL
CMAKE_SHARED_LINKER_FLAGS_MINSIZEREL-ADVANCED:INTERNAL=1
//ADVANCED property for variable: CMAKE_SHARED_LINKER_FLAGS_RELEASE
CMAKE_SHARED_LINKER_FLAGS_RELEASE-ADVANCED:INTERNAL=1
//ADVANCED property for variable: CMAKE_SHARED_LINKER_FLAGS_RELWITHDEBINFO
CMAKE_SHARED_LINKER_FLAGS_RELWITHDEBINFO-ADVANCED:INTERNAL=1
//ADVANCED property for variable: CMAKE_SKIP_INSTALL_RPATH
CMAKE_SKIP_INSTALL_RPATH-ADVANCED:INTERNAL=1
//ADVANCED property for variable: CMAKE_SKIP_RPATH
CMAKE_SKIP_RPATH-ADVANCED:INTERNAL=1
//ADVANCED property for variable: CMAKE_STATIC_LINKER_FLAGS
CMAKE_STATIC_LINKER_FLAGS-ADVANCED:INTERNAL=1
//ADVANCED property for variable: CMAKE_STATIC_LINKER_FLAGS_DEBUG
CMAKE_STATIC_LINKER_FLAGS_DEBUG-ADVANCED:INTERNAL=1
//ADVANCED property for variable: CMAKE_STATIC_LINKER_FLAGS_MINSIZEREL
CMAKE_STATIC_LINKER_FLAGS_MINSIZEREL-ADVANCED:INTERNAL=1
//ADVANCED property for variable: CMAKE_STATIC_LINKER_FLAGS_RELEASE
CMAKE_STATIC_LINKER_FLAGS_RELEASE-ADVANCED:INTERNAL=1
//ADVANCED property for variable: CMAKE_STATIC_LINKER_FLAGS_RELWITHDEBINFO
CMAKE_STATIC_LINKER_FLAGS_RELWITHDEBINFO-ADVANCED:INTERNAL=1
//ADVANCED property for variable: CMAKE_STRIP
CMAKE_STRIP-ADVANCED:INTERNAL=1
//ADVANCED property for variable: CMAKE_TAPI
CMAKE_TAPI-ADVANCED:INTERNAL=1
//uname command
CMAKE_UNAME:INTERNAL=/usr/bin/uname
//ADVANCED property for variable: CMAKE_VERBOSE_MAKEFILE
CMAKE_VERBOSE_MAKEFILE-ADVANCED:INTERNAL=1
//Test COMPILER_SUPPORTS_C2X
COMPILER_SUPPORTS_C2X:INTERNAL=1
//ADVANCED property for variable: CRITERION_INCLUDE_DIR
CRITERION_INCLUDE_DIR-ADVANCED:INTERNAL=1
//ADVANCED property for variable: CRITERION_LIBRARY
CRITERION_LIBRARY-ADVANCED:INTERNAL=1
//Details about finding Boost
FIND_PACKAGE_MESSAGE_DETAILS_Boost:INTERNAL=[/usr/local/lib/cmake/Boost-1.84.0/BoostConfig.cmake][cfound components: program_options ][v1.84.0()]
//Details about finding Criterion
FIND_PACKAGE_MESSAGE_DETAILS_Criterion:INTERNAL=[/usr/local/lib/libcriterion.dylib][/usr/local/include][v()]
//Details about finding GTest
FIND_PACKAGE_MESSAGE_DETAILS_GTest:INTERNAL=[/usr/local/lib/cmake/GTest/GTestConfig.cmake][c ][v1.14.0()]
//Details about finding Git
FIND_PACKAGE_MESSAGE_DETAILS_Git:INTERNAL=[/usr/local/bin/git][v2.43.0()]
//Details about finding PkgConfig
FIND_PACKAGE_MESSAGE_DETAILS_PkgConfig:INTERNAL=[/opt/local/bin/pkg-config][v0.29.2()]
//Details about finding Python3
FIND_PACKAGE_MESSAGE_DETAILS_Python3:INTERNAL=[/Users/oliver/ClionProjects/testing/venv/bin/python3.11][/Library/Frameworks/Python.framework/Versions/3.11/include/python3.11][/Library/Frameworks/Python.framework/Versions/3.11/lib/libpython3.11.dylib][cfound components: Interpreter Development Development.Module Development.Embed ][v3.11.4()]
//ADVANCED property for variable: GIT_EXECUTABLE
GIT_EXECUTABLE-ADVANCED:INTERNAL=1
GLIB_CFLAGS:INTERNAL=-I/usr/local/Cellar/glib/2.80.0_2/include/glib-2.0;-I/usr/local/Cellar/glib/2.80.0_2/lib/glib-2.0/include;-I/usr/local/opt/gettext/include;-I/usr/local/Cellar/pcre2/10.43/include
GLIB_CFLAGS_I:INTERNAL=
GLIB_CFLAGS_OTHER:INTERNAL=
GLIB_FOUND:INTERNAL=1
GLIB_INCLUDEDIR:INTERNAL=/usr/local/Cellar/glib/2.80.0_2/include
GLIB_INCLUDE_DIRS:INTERNAL=/usr/local/Cellar/glib/2.80.0_2/include/glib-2.0;/usr/local/Cellar/glib/2.80.0_2/lib/glib-2.0/include;/usr/local/opt/gettext/include;/usr/local/Cellar/pcre2/10.43/include
GLIB_LDFLAGS:INTERNAL=-L/usr/local/Cellar/glib/2.80.0_2/lib;-L/usr/local/opt/gettext/lib;-lglib-2.0;-lintl
GLIB_LDFLAGS_OTHER:INTERNAL=
GLIB_LIBDIR:INTERNAL=/usr/local/Cellar/glib/2.80.0_2/lib
GLIB_LIBRARIES:INTERNAL=glib-2.0;intl
GLIB_LIBRARY_DIRS:INTERNAL=/usr/local/Cellar/glib/2.80.0_2/lib;/usr/local/opt/gettext/lib
GLIB_LIBS:INTERNAL=
GLIB_LIBS_L:INTERNAL=
GLIB_LIBS_OTHER:INTERNAL=
GLIB_LIBS_PATHS:INTERNAL=
GLIB_MODULE_NAME:INTERNAL=glib-2.0
GLIB_PREFIX:INTERNAL=/usr/local/Cellar/glib/2.80.0_2
GLIB_STATIC_CFLAGS:INTERNAL=-I/usr/local/Cellar/glib/2.80.0_2/include/glib-2.0;-I/usr/local/Cellar/glib/2.80.0_2/lib/glib-2.0/include;-I/usr/local/opt/gettext/include;-I/usr/local/Cellar/pcre2/10.43/include
GLIB_STATIC_CFLAGS_I:INTERNAL=
GLIB_STATIC_CFLAGS_OTHER:INTERNAL=
GLIB_STATIC_INCLUDE_DIRS:INTERNAL=/usr/local/Cellar/glib/2.80.0_2/include/glib-2.0;/usr/local/Cellar/glib/2.80.0_2/lib/glib-2.0/include;/usr/local/opt/gettext/include;/usr/local/Cellar/pcre2/10.43/include
GLIB_STATIC_LDFLAGS:INTERNAL=-L/usr/local/Cellar/glib/2.80.0_2/lib;-L/usr/local/opt/gettext/lib;-L/usr/local/Cellar/pcre2/10.43/lib;-lglib-2.0;-lintl;-liconv;-lm;-framework;Foundation;-framework;CoreFoundation;-framework;AppKit;-framework;Carbon;-lpcre2-8;-D_THREAD_SAFE;-pthread
GLIB_STATIC_LDFLAGS_OTHER:INTERNAL=-framework;Foundation;-framework;CoreFoundation;-framework;AppKit;-framework;Carbon;-D_THREAD_SAFE;-pthread
GLIB_STATIC_LIBDIR:INTERNAL=
GLIB_STATIC_LIBRARIES:INTERNAL=glib-2.0;intl;iconv;m;pcre2-8
GLIB_STATIC_LIBRARY_DIRS:INTERNAL=/usr/local/Cellar/glib/2.80.0_2/lib;/usr/local/opt/gettext/lib;/usr/local/Cellar/pcre2/10.43/lib
GLIB_STATIC_LIBS:INTERNAL=
GLIB_STATIC_LIBS_L:INTERNAL=
GLIB_STATIC_LIBS_OTHER:INTERNAL=
GLIB_STATIC_LIBS_PATHS:INTERNAL=
GLIB_VERSION:INTERNAL=2.80.0
GLIB_glib-2.0_INCLUDEDIR:INTERNAL=
GLIB_glib-2.0_LIBDIR:INTERNAL=
GLIB_glib-2.0_PREFIX:INTERNAL=
GLIB_glib-2.0_VERSION:INTERNAL=
//ADVANCED property for variable: PKG_CONFIG_ARGN
PKG_CONFIG_ARGN-ADVANCED:INTERNAL=1
//ADVANCED property for variable: PKG_CONFIG_EXECUTABLE
PKG_CONFIG_EXECUTABLE-ADVANCED:INTERNAL=1
//Compiler reason failure
_Python3_Compiler_REASON_FAILURE:INTERNAL=
_Python3_DEVELOPMENT_EMBED_SIGNATURE:INTERNAL=8f6bd8ac84892a090c44f2bc8bfc8453
_Python3_DEVELOPMENT_MODULE_SIGNATURE:INTERNAL=c73d3d6cbafa16a8e61db685dc41b6f0
//Development reason failure
_Python3_Development_REASON_FAILURE:INTERNAL=
//Path to a program.
_Python3_EXECUTABLE:INTERNAL=/Users/oliver/ClionProjects/testing/venv/bin/python3.11
//Path to a file.
_Python3_INCLUDE_DIR:INTERNAL=/Library/Frameworks/Python.framework/Versions/3.11/include/python3.11
//Python3 Properties
_Python3_INTERPRETER_PROPERTIES:INTERNAL=Python;3;11;4;64;;cpython-311-darwin;abi3;/Library/Frameworks/Python.framework/Versions/3.11/lib/python3.11;/Users/oliver/ClionProjects/testing/venv/lib/python3.11;/Users/oliver/ClionProjects/testing/venv/lib/python3.11/site-packages;/Users/oliver/ClionProjects/testing/venv/lib/python3.11/site-packages
_Python3_INTERPRETER_SIGNATURE:INTERNAL=3fe76279d2b42b5aba4e6d3673d839a3
//Path to a library.
_Python3_LIBRARY_RELEASE:INTERNAL=/Library/Frameworks/Python.framework/Versions/3.11/lib/libpython3.11.dylib
//NumPy reason failure
_Python3_NumPy_REASON_FAILURE:INTERNAL=
__pkg_config_arguments_GLIB:INTERNAL=REQUIRED;glib-2.0
__pkg_config_checked_GLIB:INTERNAL=1
//ADVANCED property for variable: boost_atomic_DIR
boost_atomic_DIR-ADVANCED:INTERNAL=1
//ADVANCED property for variable: boost_filesystem_DIR
boost_filesystem_DIR-ADVANCED:INTERNAL=1
//ADVANCED property for variable: boost_headers_DIR
boost_headers_DIR-ADVANCED:INTERNAL=1
//ADVANCED property for variable: boost_program_options_DIR
boost_program_options_DIR-ADVANCED:INTERNAL=1
//ADVANCED property for variable: pkgcfg_lib_GLIB_glib-2.0
pkgcfg_lib_GLIB_glib-2.0-ADVANCED:INTERNAL=1
//ADVANCED property for variable: pkgcfg_lib_GLIB_intl
pkgcfg_lib_GLIB_intl-ADVANCED:INTERNAL=1
prefix_result:INTERNAL=/usr/local/Cellar/glib/2.80.0_2/lib

